<?xml version="1.0" encoding="UTF-8"?>
<!-- Generated by org.testng.reporters.JUnitReportReporter -->
<testsuite hostname="DESKTOP-H28VHFR" failures="0" tests="1" name="com.rahulshetty.EcommerceFramework.qa.FirstOrderTest_POM" time="16.522" errors="0" timestamp="2024-02-07T13:22:12 IST" skipped="0">
  <testcase classname="com.rahulshetty.EcommerceFramework.qa.FirstOrderTest_POM" name="submit" time="16.522"/>
</testsuite> <!-- com.rahulshetty.EcommerceFramework.qa.FirstOrderTest_POM -->
