<?xml version="1.0" encoding="UTF-8"?>
<!-- Generated by org.testng.reporters.JUnitReportReporter -->
<testsuite hostname="DESKTOP-H28VHFR" failures="0" tests="4" name="com.EcommerceFramework.qa.FirstOrderTest_POM" time="38.674" errors="0" timestamp="2024-02-11T22:35:59 IST" skipped="0">
  <testcase classname="com.EcommerceFramework.qa.FirstOrderTest_POM" name="submitOrderTest" time="14.297"/>
  <testcase classname="com.EcommerceFramework.qa.FirstOrderTest_POM" name="submitOrderTest" time="12.855"/>
  <testcase classname="com.EcommerceFramework.qa.FirstOrderTest_POM" name="verifyOrderTest" time="4.365"/>
  <testcase classname="com.EcommerceFramework.qa.FirstOrderTest_POM" name="verifyOrderTest" time="7.157"/>
</testsuite> <!-- com.EcommerceFramework.qa.FirstOrderTest_POM -->
