<?xml version="1.0" encoding="UTF-8"?>
<!-- Generated by org.testng.reporters.JUnitReportReporter -->
<testsuite hostname="DESKTOP-H28VHFR" failures="0" tests="1" name="com.EcommerceFramework.qa.TestComponents.LogingErrorValidationTest" time="1.217" errors="0" timestamp="2024-02-09T10:48:00 IST" skipped="0">
  <testcase classname="com.EcommerceFramework.qa.TestComponents.LogingErrorValidationTest" name="loginErrorValidationTest" time="1.217"/>
</testsuite> <!-- com.EcommerceFramework.qa.TestComponents.LogingErrorValidationTest -->
