<?xml version="1.0" encoding="UTF-8"?>
<!-- Generated by org.testng.reporters.JUnitReportReporter -->
<testsuite hostname="DESKTOP-H28VHFR" failures="0" tests="1" name="com.EcommerceFramework.qa.LogingErrorValidationTest" time="6.328" errors="0" timestamp="2024-02-11T22:35:59 IST" skipped="0">
  <testcase classname="com.EcommerceFramework.qa.LogingErrorValidationTest" name="loginErrorValidationTest" time="6.328"/>
</testsuite> <!-- com.EcommerceFramework.qa.LogingErrorValidationTest -->
