<?xml version="1.0" encoding="UTF-8"?>
<!-- Generated by org.testng.reporters.JUnitReportReporter -->
<testsuite hostname="DESKTOP-H28VHFR" failures="0" tests="2" name="com.EcommerceFramework.qa.FirstOrderTest_POM" time="25.053" errors="0" timestamp="2024-02-12T11:24:57 IST" skipped="0">
  <testcase classname="com.EcommerceFramework.qa.FirstOrderTest_POM" name="submitOrderTest" time="12.065"/>
  <testcase classname="com.EcommerceFramework.qa.FirstOrderTest_POM" name="submitOrderTest" time="12.988"/>
</testsuite> <!-- com.EcommerceFramework.qa.FirstOrderTest_POM -->
