<?xml version="1.0" encoding="UTF-8"?>
<!-- Generated by org.testng.reporters.JUnitReportReporter -->
<testsuite hostname="DESKTOP-H28VHFR" failures="0" tests="1" name="com.EcommerceFramework.qa.LogingErrorValidationTest" time="3.973" errors="0" timestamp="2024-02-12T11:38:13 IST" skipped="0">
  <testcase classname="com.EcommerceFramework.qa.LogingErrorValidationTest" name="loginErrorValidationTest" time="3.973"/>
</testsuite> <!-- com.EcommerceFramework.qa.LogingErrorValidationTest -->
